<?xml version="1.0" encoding="UTF-8"?>
<!DOCTYPE coverage SYSTEM "https://raw.githubusercontent.com/cobertura/cobertura/master/cobertura/src/site/htdocs/xml/coverage-04.dtd">
<coverage line-rate="0.934926958831341" branch-rate="0" lines-covered="3520" lines-valid="3765" branches-covered="0" branches-valid="0" complexity="0" version="3.6.5" timestamp="2026-08-02 06:10:55.294236">
  <sources>
    <source>/__w/cards/cards/cards</source>
  </sources>
  <packages>
    <package name="cards" line-rate="0.934926958831341" branch-rate="0" complexity="0">
      <classes>
        <class name="add_calculated_row.R" filename="R/add_calculated_row.R" line-rate="0.886792452830189" branch-rate="0" complexity="0">
          <methods>
            <method name="add_calculated_row" signature="" line-rate="0.886792452830189" branch-rate="0" complexity="0">
              <lines>
                <line number="46" hits="4" branch="false"/>
                <line number="47" hits="4" branch="false"/>
                <line number="50" hits="4" branch="false"/>
                <line number="51" hits="0" branch="false"/>
                <line number="52" hits="0" branch="false"/>
                <line number="53" hits="0" branch="false"/>
                <line number="54" hits="0" branch="false"/>
                <line number="55" hits="0" branch="false"/>
                <line number="56" hits="0" branch="false"/>
                <line number="60" hits="4" branch="false"/>
                <line number="61" hits="4" branch="false"/>
                <line number="62" hits="4" branch="false"/>
                <line number="63" hits="4" branch="false"/>
                <line number="64" hits="4" branch="false"/>
                <line number="65" hits="4" branch="false"/>
                <line number="66" hits="4" branch="false"/>
                <line number="69" hits="4" branch="false"/>
                <line number="70" hits="4" branch="false"/>
                <line number="71" hits="4" branch="false"/>
                <line number="72" hits="4" branch="false"/>
                <line number="73" hits="4" branch="false"/>
                <line number="74" hits="4" branch="false"/>
                <line number="75" hits="1" branch="false"/>
                <line number="76" hits="1" branch="false"/>
                <line number="77" hits="1" branch="false"/>
                <line number="78" hits="1" branch="false"/>
                <line number="79" hits="4" branch="false"/>
                <line number="81" hits="3" branch="false"/>
                <line number="82" hits="3" branch="false"/>
                <line number="83" hits="3" branch="false"/>
                <line number="84" hits="3" branch="false"/>
                <line number="85" hits="3" branch="false"/>
                <line number="86" hits="1" branch="false"/>
                <line number="87" hits="1" branch="false"/>
                <line number="88" hits="1" branch="false"/>
                <line number="89" hits="1" branch="false"/>
                <line number="90" hits="1" branch="false"/>
                <line number="91" hits="1" branch="false"/>
                <line number="92" hits="4" branch="false"/>
                <line number="94" hits="2" branch="false"/>
                <line number="95" hits="2" branch="false"/>
                <line number="96" hits="2" branch="false"/>
                <line number="97" hits="2" branch="false"/>
                <line number="98" hits="2" branch="false"/>
                <line number="99" hits="2" branch="false"/>
                <line number="100" hits="2" branch="false"/>
                <line number="101" hits="4" branch="false"/>
                <line number="102" hits="4" branch="false"/>
                <line number="103" hits="4" branch="false"/>
                <line number="106" hits="2" branch="false"/>
                <line number="107" hits="2" branch="false"/>
                <line number="108" hits="2" branch="false"/>
                <line number="109" hits="2" branch="false"/>
              </lines>
            </method>
          </methods>
          <lines>
            <line number="46" hits="4" branch="false"/>
            <line number="47" hits="4" branch="false"/>
            <line number="50" hits="4" branch="false"/>
            <line number="51" hits="0" branch="false"/>
            <line number="52" hits="0" branch="false"/>
            <line number="53" hits="0" branch="false"/>
            <line number="54" hits="0" branch="false"/>
            <line number="55" hits="0" branch="false"/>
            <line number="56" hits="0" branch="false"/>
            <line number="60" hits="4" branch="false"/>
            <line number="61" hits="4" branch="false"/>
            <line number="62" hits="4" branch="false"/>
            <line number="63" hits="4" branch="false"/>
            <line number="64" hits="4" branch="false"/>
            <line number="65" hits="4" branch="false"/>
            <line number="66" hits="4" branch="false"/>
            <line number="69" hits="4" branch="false"/>
            <line number="70" hits="4" branch="false"/>
            <line number="71" hits="4" branch="false"/>
            <line number="72" hits="4" branch="false"/>
            <line number="73" hits="4" branch="false"/>
            <line number="74" hits="4" branch="false"/>
            <line number="75" hits="1" branch="false"/>
            <line number="76" hits="1" branch="false"/>
            <line number="77" hits="1" branch="false"/>
            <line number="78" hits="1" branch="false"/>
            <line number="79" hits="4" branch="false"/>
            <line number="81" hits="3" branch="false"/>
            <line number="82" hits="3" branch="false"/>
            <line number="83" hits="3" branch="false"/>
            <line number="84" hits="3" branch="false"/>
            <line number="85" hits="3" branch="false"/>
            <line number="86" hits="1" branch="false"/>
            <line number="87" hits="1" branch="false"/>
            <line number="88" hits="1" branch="false"/>
            <line number="89" hits="1" branch="false"/>
            <line number="90" hits="1" branch="false"/>
            <line number="91" hits="1" branch="false"/>
            <line number="92" hits="4" branch="false"/>
            <line number="94" hits="2" branch="false"/>
            <line number="95" hits="2" branch="false"/>
            <line number="96" hits="2" branch="false"/>
            <line number="97" hits="2" branch="false"/>
            <line number="98" hits="2" branch="false"/>
            <line number="99" hits="2" branch="false"/>
            <line number="100" hits="2" branch="false"/>
            <line number="101" hits="4" branch="false"/>
            <line number="102" hits="4" branch="false"/>
            <line number="103" hits="4" branch="false"/>
            <line number="106" hits="2" branch="false"/>
            <line number="107" hits="2" branch="false"/>
            <line number="108" hits="2" branch="false"/>
            <line number="109" hits="2" branch="false"/>
          </lines>
        </class>
        <class name="apply_fmt_fun.R" filename="R/apply_fmt_fun.R" line-rate="1" branch-rate="0" complexity="0">
          <methods>
            <method name="apply_fmt_fun" signature="" line-rate="1" branch-rate="0" complexity="0">
              <lines>
                <line number="19" hits="31" branch="false"/>
                <line number="21" hits="31" branch="false"/>
                <line number="22" hits="30" branch="false"/>
                <line number="25" hits="30" branch="false"/>
                <line number="26" hits="29" branch="false"/>
                <line number="29" hits="30" branch="false"/>
                <line number="30" hits="30" branch="false"/>
                <line number="31" hits="30" branch="false"/>
                <line number="32" hits="30" branch="false"/>
                <line number="33" hits="30" branch="false"/>
                <line number="34" hits="30" branch="false"/>
                <line number="35" hits="30" branch="false"/>
                <line number="36" hits="30" branch="false"/>
                <line number="37" hits="30" branch="false"/>
                <line number="38" hits="30" branch="false"/>
                <line number="39" hits="30" branch="false"/>
                <line number="40" hits="30" branch="false"/>
                <line number="41" hits="30" branch="false"/>
                <line number="42" hits="30" branch="false"/>
                <line number="43" hits="30" branch="false"/>
                <line number="44" hits="30" branch="false"/>
                <line number="45" hits="2" branch="false"/>
                <line number="46" hits="2" branch="false"/>
                <line number="47" hits="2" branch="false"/>
                <line number="48" hits="2" branch="false"/>
                <line number="49" hits="2" branch="false"/>
                <line number="50" hits="2" branch="false"/>
                <line number="51" hits="2" branch="false"/>
                <line number="52" hits="2" branch="false"/>
                <line number="53" hits="30" branch="false"/>
                <line number="54" hits="30" branch="false"/>
                <line number="55" hits="30" branch="false"/>
                <line number="56" hits="2" branch="false"/>
                <line number="57" hits="30" branch="false"/>
                <line number="58" hits="30" branch="false"/>
                <line number="59" hits="30" branch="false"/>
                <line number="60" hits="30" branch="false"/>
              </lines>
            </method>
            <method name="alias_as_fmt_fun" signature="" line-rate="1" branch-rate="0" complexity="0">
              <lines>
                <line number="90" hits="205" branch="false"/>
                <line number="92" hits="205" branch="false"/>
                <line number="93" hits="86" branch="false"/>
                <line number="95" hits="119" branch="false"/>
                <line number="96" hits="104" branch="false"/>
                <line number="98" hits="15" branch="false"/>
                <line number="99" hits="13" branch="false"/>
                <line number="100" hits="12" branch="false"/>
                <line number="101" hits="12" branch="false"/>
                <line number="102" hits="12" branch="false"/>
                <line number="103" hits="12" branch="false"/>
                <line number="104" hits="12" branch="false"/>
                <line number="105" hits="12" branch="false"/>
                <line number="106" hits="12" branch="false"/>
                <line number="107" hits="12" branch="false"/>
                <line number="108" hits="12" branch="false"/>
                <line number="109" hits="6" branch="false"/>
                <line number="110" hits="12" branch="false"/>
                <line number="111" hits="12" branch="false"/>
                <line number="113" hits="12" branch="false"/>
                <line number="117" hits="2" branch="false"/>
                <line number="118" hits="1" branch="false"/>
                <line number="119" hits="1" branch="false"/>
                <line number="120" hits="1" branch="false"/>
                <line number="121" hits="1" branch="false"/>
                <line number="122" hits="1" branch="false"/>
                <line number="123" hits="1" branch="false"/>
                <line number="125" hits="1" branch="false"/>
                <line number="126" hits="1" branch="false"/>
                <line number="127" hits="1" branch="false"/>
                <line number="128" hits="1" branch="false"/>
                <line number="129" hits="1" branch="false"/>
                <line number="132" hits="2" branch="false"/>
                <line number="133" hits="2" branch="false"/>
                <line number="134" hits="2" branch="false"/>
                <line number="135" hits="2" branch="false"/>
              </lines>
            </method>
            <method name="label_round" signature="" line-rate="1" branch-rate="0" complexity="0">
              <lines>
                <line number="160" hits="23193" branch="false"/>
                <line number="162" hits="23192" branch="false"/>
                <line number="164" hits="124" branch="false"/>
                <line number="165" hits="124" branch="false"/>
                <line number="166" hits="124" branch="false"/>
                <line number="167" hits="124" branch="false"/>
                <line number="168" hits="124" branch="false"/>
                <line number="169" hits="124" branch="false"/>
                <line number="173" hits="124" branch="false"/>
                <line number="174" hits="14" branch="false"/>
                <line number="175" hits="14" branch="false"/>
                <line number="176" hits="14" branch="false"/>
                <line number="177" hits="14" branch="false"/>
                <line number="178" hits="14" branch="false"/>
                <line number="179" hits="14" branch="false"/>
                <line number="180" hits="23192" branch="false"/>
                <line number="183" hits="124" branch="false"/>
                <line number="184" hits="23192" branch="false"/>
              </lines>
            </method>
            <method name=".get_round_fun" signature="" line-rate="1" branch-rate="0" complexity="0">
              <lines>
                <line number="188" hits="23193" branch="false"/>
                <line number="189" hits="23193" branch="false"/>
                <line number="190" hits="23193" branch="false"/>
                <line number="191" hits="23193" branch="false"/>
                <line number="192" hits="23193" branch="false"/>
                <line number="193" hits="23193" branch="false"/>
                <line number="194" hits="23193" branch="false"/>
                <line number="195" hits="23193" branch="false"/>
                <line number="196" hits="23193" branch="false"/>
              </lines>
            </method>
            <method name=".check_fmt_string" signature="" line-rate="1" branch-rate="0" complexity="0">
              <lines>
                <line number="221" hits="13" branch="false"/>
                <line number="224" hits="13" branch="false"/>
                <line number="225" hits="13" branch="false"/>
                <line number="226" hits="13" branch="false"/>
                <line number="227" hits="13" branch="false"/>
                <line number="228" hits="13" branch="false"/>
                <line number="230" hits="13" branch="false"/>
                <line number="231" hits="1" branch="false"/>
                <line number="232" hits="1" branch="false"/>
                <line number="233" hits="1" branch="false"/>
                <line number="234" hits="1" branch="false"/>
                <line number="235" hits="1" branch="false"/>
                <line number="236" hits="1" branch="false"/>
                <line number="237" hits="1" branch="false"/>
                <line number="238" hits="1" branch="false"/>
                <line number="240" hits="12" branch="false"/>
              </lines>
            </method>
          </methods>
          <lines>
            <line number="19" hits="31" branch="false"/>
            <line number="21" hits="31" branch="false"/>
            <line number="22" hits="30" branch="false"/>
            <line number="25" hits="30" branch="false"/>
            <line number="26" hits="29" branch="false"/>
            <line number="29" hits="30" branch="false"/>
            <line number="30" hits="30" branch="false"/>
            <line number="31" hits="30" branch="false"/>
            <line number="32" hits="30" branch="false"/>
            <line number="33" hits="30" branch="false"/>
            <line number="34" hits="30" branch="false"/>
            <line number="35" hits="30" branch="false"/>
            <line number="36" hits="30" branch="false"/>
            <line number="37" hits="30" branch="false"/>
            <line number="38" hits="30" branch="false"/>
            <line number="39" hits="30" branch="false"/>
            <line number="40" hits="30" branch="false"/>
            <line number="41" hits="30" branch="false"/>
            <line number="42" hits="30" branch="false"/>
            <line number="43" hits="30" branch="false"/>
            <line number="44" hits="30" branch="false"/>
            <line number="45" hits="2" branch="false"/>
            <line number="46" hits="2" branch="false"/>
            <line number="47" hits="2" branch="false"/>
            <line number="48" hits="2" branch="false"/>
            <line number="49" hits="2" branch="false"/>
            <line number="50" hits="2" branch="false"/>
            <line number="51" hits="2" branch="false"/>
            <line number="52" hits="2" branch="false"/>
            <line number="53" hits="30" branch="false"/>
            <line number="54" hits="30" branch="false"/>
            <line number="55" hits="30" branch="false"/>
            <line number="56" hits="2" branch="false"/>
            <line number="57" hits="30" branch="false"/>
            <line number="58" hits="30" branch="false"/>
            <line number="59" hits="30" branch="false"/>
            <line number="60" hits="30" branch="false"/>
            <line number="90" hits="205" branch="false"/>
            <line number="92" hits="205" branch="false"/>
            <line number="93" hits="86" branch="false"/>
            <line number="95" hits="119" branch="false"/>
            <line number="96" hits="104" branch="false"/>
            <line number="98" hits="15" branch="false"/>
            <line number="99" hits="13" branch="false"/>
            <line number="100" hits="12" branch="false"/>
            <line number="101" hits="12" branch="false"/>
            <line number="102" hits="12" branch="false"/>
            <line number="103" hits="12" branch="false"/>
            <line number="104" hits="12" branch="false"/>
            <line number="105" hits="12" branch="false"/>
            <line number="106" hits="12" branch="false"/>
            <line number="107" hits="12" branch="false"/>
            <line number="108" hits="12" branch="false"/>
            <line number="109" hits="6" branch="false"/>
            <line number="110" hits="12" branch="false"/>
            <line number="111" hits="12" branch="false"/>
            <line number="113" hits="12" branch="false"/>
            <line number="117" hits="2" branch="false"/>
            <line number="118" hits="1" branch="false"/>
            <line number="119" hits="1" branch="false"/>
            <line number="120" hits="1" branch="false"/>
            <line number="121" hits="1" branch="false"/>
            <line number="122" hits="1" branch="false"/>
            <line number="123" hits="1" branch="false"/>
            <line number="125" hits="1" branch="false"/>
            <line number="126" hits="1" branch="false"/>
            <line number="127" hits="1" branch="false"/>
            <line number="128" hits="1" branch="false"/>
            <line number="129" hits="1" branch="false"/>
            <line number="132" hits="2" branch="false"/>
            <line number="133" hits="2" branch="false"/>
            <line number="134" hits="2" branch="false"/>
            <line number="135" hits="2" branch="false"/>
            <line number="160" hits="23193" branch="false"/>
            <line number="162" hits="23192" branch="false"/>
            <line number="164" hits="124" branch="false"/>
            <line number="165" hits="124" branch="false"/>
            <line number="166" hits="124" branch="false"/>
            <line number="167" hits="124" branch="false"/>
            <line number="168" hits="124" branch="false"/>
            <line number="169" hits="124" branch="false"/>
            <line number="173" hits="124" branch="false"/>
            <line number="174" hits="14" branch="false"/>
            <line number="175" hits="14" branch="false"/>
            <line number="176" hits="14" branch="false"/>
            <line number="177" hits="14" branch="false"/>
            <line number="178" hits="14" branch="false"/>
            <line number="179" hits="14" branch="false"/>
            <line number="180" hits="23192" branch="false"/>
            <line number="183" hits="124" branch="false"/>
            <line number="184" hits="23192" branch="false"/>
            <line number="188" hits="23193" branch="false"/>
            <line number="189" hits="23193" branch="false"/>
            <line number="190" hits="23193" branch="false"/>
            <line number="191" hits="23193" branch="false"/>
            <line number="192" hits="23193" branch="false"/>
            <line number="193" hits="23193" branch="false"/>
            <line number="194" hits="23193" branch="false"/>
            <line number="195" hits="23193" branch="false"/>
            <line number="196" hits="23193" branch="false"/>
            <line number="221" hits="13" branch="false"/>
            <line number="224" hits="13" branch="false"/>
            <line number="225" hits="13" branch="false"/>
            <line number="226" hits="13" branch="false"/>
            <line number="227" hits="13" branch="false"/>
            <line number="228" hits="13" branch="false"/>
            <line number="230" hits="13" branch="false"/>
            <line number="231" hits="1" branch="false"/>
            <line number="232" hits="1" branch="false"/>
            <line number="233" hits="1" branch="false"/>
            <line number="234" hits="1" branch="false"/>
            <line number="235" hits="1" branch="false"/>
            <line number="236" hits="1" branch="false"/>
            <line number="237" hits="1" branch="false"/>
            <line number="238" hits="1" branch="false"/>
            <line number="240" hits="12" branch="false"/>
          </lines>
        </class>
        <class name="ard_attributes.R" filename="R/ard_attributes.R" line-rate="0.978260869565217" branch-rate="0" complexity="0">
          <methods>
            <method name="ard_attributes" signature="" line-rate="1" branch-rate="0" complexity="0">
              <lines>
                <line number="34" hits="13" branch="false"/>
              </lines>
            </method>
            <method name="ard_attributes.data.frame" signature="" line-rate="0.976744186046512" branch-rate="0" complexity="0">
              <lines>
                <line number="43" hits="12" branch="false"/>
                <line number="44" hits="12" branch="false"/>
                <line number="47" hits="12" branch="false"/>
                <line number="48" hits="12" branch="false"/>
                <line number="49" hits="12" branch="false"/>
                <line number="52" hits="12" branch="false"/>
                <line number="53" hits="12" branch="false"/>
                <line number="56" hits="12" branch="false"/>
                <line number="57" hits="0" branch="false"/>
                <line number="62" hits="12" branch="false"/>
                <line number="63" hits="3" branch="false"/>
                <line number="64" hits="1" branch="false"/>
                <line number="65" hits="1" branch="false"/>
                <line number="66" hits="1" branch="false"/>
                <line number="67" hits="1" branch="false"/>
                <line number="72" hits="11" branch="false"/>
                <line number="73" hits="11" branch="false"/>
                <line number="74" hits="11" branch="false"/>
                <line number="75" hits="11" branch="false"/>
                <line number="77" hits="11" branch="false"/>
                <line number="79" hits="11" branch="false"/>
                <line number="81" hits="11" branch="false"/>
                <line number="82" hits="11" branch="false"/>
                <line number="83" hits="11" branch="false"/>
                <line number="84" hits="11" branch="false"/>
                <line number="85" hits="11" branch="false"/>
                <line number="86" hits="11" branch="false"/>
                <line number="87" hits="11" branch="false"/>
                <line number="88" hits="11" branch="false"/>
                <line number="89" hits="11" branch="false"/>
                <line number="90" hits="11" branch="false"/>
                <line number="91" hits="11" branch="false"/>
                <line number="92" hits="11" branch="false"/>
                <line number="93" hits="11" branch="false"/>
                <line number="94" hits="11" branch="false"/>
                <line number="95" hits="11" branch="false"/>
                <line number="96" hits="11" branch="false"/>
                <line number="97" hits="11" branch="false"/>
                <line number="98" hits="11" branch="false"/>
                <line number="99" hits="11" branch="false"/>
                <line number="100" hits="11" branch="false"/>
                <line number="101" hits="11" branch="false"/>
                <line number="102" hits="11" branch="false"/>
              </lines>
            </method>
            <method name="ard_attributes.default" signature="" line-rate="1" branch-rate="0" complexity="0">
              <lines>
                <line number="108" hits="1" branch="false"/>
                <line number="109" hits="1" branch="false"/>
              </lines>
            </method>
          </methods>
          <lines>
            <line number="34" hits="13" branch="false"/>
            <line number="43" hits="12" branch="false"/>
            <line number="44" hits="12" branch="false"/>
            <line number="47" hits="12" branch="false"/>
            <line number="48" hits="12" branch="false"/>
            <line number="49" hits="12" branch="false"/>
            <line number="52" hits="12" branch="false"/>
            <line number="53" hits="12" branch="false"/>
            <line number="56" hits="12" branch="false"/>
            <line number="57" hits="0" branch="false"/>
            <line number="62" hits="12" branch="false"/>
            <line number="63" hits="3" branch="false"/>
            <line number="64" hits="1" branch="false"/>
            <line number="65" hits="1" branch="false"/>
            <line number="66" hits="1" branch="false"/>
            <line number="67" hits="1" branch="false"/>
            <line number="72" hits="11" branch="false"/>
            <line number="73" hits="11" branch="false"/>
            <line number="74" hits="11" branch="false"/>
            <line number="75" hits="11" branch="false"/>
            <line number="77" hits="11" branch="false"/>
            <line number="79" hits="11" branch="false"/>
            <line number="81" hits="11" branch="false"/>
            <line number="82" hits="11" branch="false"/>
            <line number="83" hits="11" branch="false"/>
            <line number="84" hits="11" branch="false"/>
            <line number="85" hits="11" branch="false"/>
            <line number="86" hits="11" branch="false"/>
            <line number="87" hits="11" branch="false"/>
            <line number="88" hits="11" branch="false"/>
            <line number="89" hits="11" branch="false"/>
            <line number="90" hits="11" branch="false"/>
            <line number="91" hits="11" branch="false"/>
            <line number="92" hits="11" branch="false"/>
            <line number="93" hits="11" branch="false"/>
            <line number="94" hits="11" branch="false"/>
            <line number="95" hits="11" branch="false"/>
            <line number="96" hits="11" branch="false"/>
            <line number="97" hits="11" branch="false"/>
            <line number="98" hits="11" branch="false"/>
            <line number="99" hits="11" branch="false"/>
            <line number="100" hits="11" branch="false"/>
            <line number="101" hits="11" branch="false"/>
            <line number="102" hits="11" branch="false"/>
            <line number="108" hits="1" branch="false"/>
            <line number="109" hits="1" branch="false"/>
          </lines>
        </class>
        <class name="ard_formals.R" filename="R/ard_formals.R" line-rate="1" branch-rate="0" complexity="0">
          <methods>
            <method name="ard_formals" signature="" line-rate="1" branch-rate="0" complexity="0">
              <lines>
                <line number="33" hits="2" branch="false"/>
                <line number="34" hits="2" branch="false"/>
                <line number="35" hits="2" branch="false"/>
                <line number="36" hits="2" branch="false"/>
                <line number="37" hits="2" branch="false"/>
                <line number="38" hits="2" branch="false"/>
                <line number="39" hits="2" branch="false"/>
                <line number="42" hits="2" branch="false"/>
                <line number="43" hits="2" branch="false"/>
                <line number="44" hits="2" branch="false"/>
                <line number="47" hits="2" branch="false"/>
                <line number="48" hits="2" branch="false"/>
                <line number="49" hits="2" branch="false"/>
              </lines>
            </method>
          </methods>
          <lines>
            <line number="33" hits="2" branch="false"/>
            <line number="34" hits="2" branch="false"/>
            <line number="35" hits="2" branch="false"/>
            <line number="36" hits="2" branch="false"/>
            <line number="37" hits="2" branch="false"/>
            <line number="38" hits="2" branch="false"/>
            <line number="39" hits="2" branch="false"/>
            <line number="42" hits="2" branch="false"/>
            <line number="43" hits="2" branch="false"/>
            <line number="44" hits="2" branch="false"/>
            <line number="47" hits="2" branch="false"/>
            <line number="48" hits="2" branch="false"/>
            <line number="49" hits="2" branch="false"/>
          </lines>
        </class>
        <class name="ard_hierarchical.R" filename="R/ard_hierarchical.R" line-rate="0.884615384615385" branch-rate="0" complexity="0">
          <methods>
            <method name="ard_hierarchical" signature="" line-rate="1" branch-rate="0" complexity="0">
              <lines>
                <line number="60" hits="146" branch="false"/>
                <line number="61" hits="146" branch="false"/>
              </lines>
            </method>
            <method name="ard_hierarchical_count" signature="" line-rate="1" branch-rate="0" complexity="0">
              <lines>
                <line number="67" hits="68" branch="false"/>
                <line number="68" hits="68" branch="false"/>
              </lines>
            </method>
            <method name="ard_hierarchical.data.frame" signature="" line-rate="0.9" branch-rate="0" complexity="0">
              <lines>
                <line number="83" hits="146" branch="false"/>
                <line number="84" hits="146" branch="false"/>
                <line number="87" hits="146" branch="false"/>
                <line number="88" hits="0" branch="false"/>
                <line number="89" hits="0" branch="false"/>
                <line number="90" hits="0" branch="false"/>
                <line number="91" hits="0" branch="false"/>
                <line number="92" hits="0" branch="false"/>
                <line number="93" hits="0" branch="false"/>
                <line number="97" hits="146" branch="false"/>
                <line number="100" hits="146" branch="false"/>
                <line number="101" hits="146" branch="false"/>
                <line number="102" hits="146" branch="false"/>
                <line number="103" hits="146" branch="false"/>
                <line number="104" hits="146" branch="false"/>
                <line number="105" hits="146" branch="false"/>
                <line number="106" hits="146" branch="false"/>
                <line number="108" hits="146" branch="false"/>
                <line number="109" hits="2" branch="false"/>
                <line number="110" hits="2" branch="false"/>
                <line number="111" hits="2" branch="false"/>
                <line number="112" hits="2" branch="false"/>
                <line number="116" hits="146" branch="false"/>
                <line number="117" hits="1" branch="false"/>
                <line number="122" hits="145" branch="false"/>
                <line number="123" hits="145" branch="false"/>
                <line number="124" hits="145" branch="false"/>
                <line number="126" hits="13" branch="false"/>
                <line number="127" hits="13" branch="false"/>
                <line number="128" hits="13" branch="false"/>
                <line number="129" hits="13" branch="false"/>
                <line number="130" hits="13" branch="false"/>
                <line number="131" hits="13" branch="false"/>
                <line number="132" hits="13" branch="false"/>
                <line number="133" hits="13" branch="false"/>
                <line number="134" hits="13" branch="false"/>
                <line number="138" hits="145" branch="false"/>
                <line number="141" hits="145" branch="false"/>
                <line number="142" hits="145" branch="false"/>
                <line number="143" hits="145" branch="false"/>
                <line number="144" hits="145" branch="false"/>
                <line number="145" hits="145" branch="false"/>
                <line number="146" hits="145" branch="false"/>
                <line number="147" hits="145" branch="false"/>
                <line number="148" hits="145" branch="false"/>
                <line number="149" hits="145" branch="false"/>
                <line number="150" hits="145" branch="false"/>
                <line number="151" hits="145" branch="false"/>
                <line number="154" hits="143" branch="false"/>
                <line number="155" hits="143" branch="false"/>
                <line number="156" hits="143" branch="false"/>
                <line number="157" hits="143" branch="false"/>
                <line number="158" hits="143" branch="false"/>
                <line number="161" hits="143" branch="false"/>
                <line number="162" hits="143" branch="false"/>
                <line number="165" hits="143" branch="false"/>
                <line number="166" hits="143" branch="false"/>
                <line number="167" hits="143" branch="false"/>
                <line number="168" hits="143" branch="false"/>
                <line number="170" hits="143" branch="false"/>
              </lines>
            </method>
            <method name="ard_hierarchical_count.data.frame" signature="" line-rate="0.806451612903226" branch-rate="0" complexity="0">
              <lines>
                <line number="182" hits="68" branch="false"/>
                <line number="183" hits="68" branch="false"/>
                <line number="186" hits="68" branch="false"/>
                <line number="187" hits="0" branch="false"/>
                <line number="188" hits="0" branch="false"/>
                <line number="189" hits="0" branch="false"/>
                <line number="190" hits="0" branch="false"/>
                <line number="191" hits="0" branch="false"/>
                <line number="192" hits="0" branch="false"/>
                <line number="196" hits="68" branch="false"/>
                <line number="199" hits="68" branch="false"/>
                <line number="202" hits="68" branch="false"/>
                <line number="203" hits="1" branch="false"/>
                <line number="207" hits="67" branch="false"/>
                <line number="210" hits="67" branch="false"/>
                <line number="211" hits="67" branch="false"/>
                <line number="212" hits="67" branch="false"/>
                <line number="213" hits="67" branch="false"/>
                <line number="214" hits="67" branch="false"/>
                <line number="215" hits="67" branch="false"/>
                <line number="216" hits="67" branch="false"/>
                <line number="217" hits="67" branch="false"/>
                <line number="218" hits="67" branch="false"/>
                <line number="219" hits="67" branch="false"/>
                <line number="220" hits="67" branch="false"/>
                <line number="221" hits="67" branch="false"/>
                <line number="224" hits="65" branch="false"/>
                <line number="225" hits="65" branch="false"/>
                <line number="226" hits="65" branch="false"/>
                <line number="227" hits="65" branch="false"/>
                <line number="229" hits="65" branch="false"/>
              </lines>
            </method>
            <method name=".rename_last_group_as_variable" signature="" line-rate="1" branch-rate="0" complexity="0">
              <lines>
                <line number="248" hits="210" branch="false"/>
                <line number="249" hits="210" branch="false"/>
                <line number="250" hits="210" branch="false"/>
                <line number="251" hits="210" branch="false"/>
                <line number="252" hits="210" branch="false"/>
                <line number="253" hits="210" branch="false"/>
                <line number="254" hits="210" branch="false"/>
                <line number="255" hits="210" branch="false"/>
                <line number="256" hits="210" branch="false"/>
              </lines>
            </method>
          </methods>
          <lines>
            <line number="60" hits="146" branch="false"/>
            <line number="61" hits="146" branch="false"/>
            <line number="67" hits="68" branch="false"/>
            <line number="68" hits="68" branch="false"/>
            <line number="83" hits="146" branch="false"/>
            <line number="84" hits="146" branch="false"/>
            <line number="87" hits="146" branch="false"/>
            <line number="88" hits="0" branch="false"/>
            <line number="89" hits="0" branch="false"/>
            <line number="90" hits="0" branch="false"/>
            <line number="91" hits="0" branch="false"/>
            <line number="92" hits="0" branch="false"/>
            <line number="93" hits="0" branch="false"/>
            <line number="97" hits="146" branch="false"/>
            <line number="100" hits="146" branch="false"/>
            <line number="101" hits="146" branch="false"/>
            <line number="102" hits="146" branch="false"/>
            <line number="103" hits="146" branch="false"/>
            <line number="104" hits="146" branch="false"/>
            <line number="105" hits="146" branch="false"/>
            <line number="106" hits="146" branch="false"/>
            <line number="108" hits="146" branch="false"/>
            <line number="109" hits="2" branch="false"/>
            <line number="110" hits="2" branch="false"/>
            <line number="111" hits="2" branch="false"/>
            <line number="112" hits="2" branch="false"/>
            <line number="116" hits="146" branch="false"/>
            <line number="117" hits="1" branch="false"/>
            <line number="122" hits="145" branch="false"/>
            <line number="123" hits="145" branch="false"/>
            <line number="124" hits="145" branch="false"/>
            <line number="126" hits="13" branch="false"/>
            <line number="127" hits="13" branch="false"/>
            <line number="128" hits="13" branch="false"/>
            <line number="129" hits="13" branch="false"/>
            <line number="130" hits="13" branch="false"/>
            <line number="131" hits="13" branch="false"/>
            <line number="132" hits="13" branch="false"/>
            <line number="133" hits="13" branch="false"/>
            <line number="134" hits="13" branch="false"/>
            <line number="138" hits="145" branch="false"/>
            <line number="141" hits="145" branch="false"/>
            <line number="142" hits="145" branch="false"/>
            <line number="143" hits="145" branch="false"/>
            <line number="144" hits="145" branch="false"/>
            <line number="145" hits="145" branch="false"/>
            <line number="146" hits="145" branch="false"/>
            <line number="147" hits="145" branch="false"/>
            <line number="148" hits="145" branch="false"/>
            <line number="149" hits="145" branch="false"/>
            <line number="150" hits="145" branch="false"/>
            <line number="151" hits="145" branch="false"/>
            <line number="154" hits="143" branch="false"/>
            <line number="155" hits="143" branch="false"/>
            <line number="156" hits="143" branch="false"/>
            <line number="157" hits="143" branch="false"/>
            <line number="158" hits="143" branch="false"/>
            <line number="161" hits="143" branch="false"/>
            <line number="162" hits="143" branch="false"/>
            <line number="165" hits="143" branch="false"/>
            <line number="166" hits="143" branch="false"/>
            <line number="167" hits="143" branch="false"/>
            <line number="168" hits="143" branch="false"/>
            <line number="170" hits="143" branch="false"/>
            <line number="182" hits="68" branch="false"/>
            <line number="183" hits="68" branch="false"/>
            <line number="186" hits="68" branch="false"/>
            <line number="187" hits="0" branch="false"/>
            <line number="188" hits="0" branch="false"/>
            <line number="189" hits="0" branch="false"/>
            <line number="190" hits="0" branch="false"/>
            <line number="191" hits="0" branch="false"/>
            <line number="192" hits="0" branch="false"/>
            <line number="196" hits="68" branch="false"/>
            <line number="199" hits="68" branch="false"/>
            <line number="202" hits="68" branch="false"/>
            <line number="203" hits="1" branch="false"/>
            <line number="207" hits="67" branch="false"/>
            <line number="210" hits="67" branch="false"/>
            <line number="211" hits="67" branch="false"/>
            <line number="212" hits="67" branch="false"/>
            <line number="213" hits="67" branch="false"/>
            <line number="214" hits="67" branch="false"/>
            <line number="215" hits="67" branch="false"/>
            <line number="216" hits="67" branch="false"/>
            <line number="217" hits="67" branch="false"/>
            <line number="218" hits="67" branch="false"/>
            <line number="219" hits="67" branch="false"/>
            <line number="220" hits="67" branch="false"/>
            <line number="221" hits="67" branch="false"/>
            <line number="224" hits="65" branch="false"/>
            <line number="225" hits="65" branch="false"/>
            <line number="226" hits="65" branch="false"/>
            <line number="227" hits="65" branch="false"/>
            <line number="229" hits="65" branch="false"/>
            <line number="248" hits="210" branch="false"/>
            <line number="249" hits="210" branch="false"/>
            <line number="250" hits="210" branch="false"/>
            <line number="251" hits="210" branch="false"/>
            <line number="252" hits="210" branch="false"/>
            <line number="253" hits="210" branch="false"/>
            <line number="254" hits="210" branch="false"/>
            <line number="255" hits="210" branch="false"/>
            <line number="256" hits="210" branch="false"/>
          </lines>
        </class>
        <class name="ard_identity.R" filename="R/ard_identity.R" line-rate="1" branch-rate="0" complexity="0">
          <methods>
            <method name="ard_identity" signature="" line-rate="1" branch-rate="0" complexity="0">
              <lines>
                <line number="25" hits="7" branch="false"/>
                <line number="26" hits="7" branch="false"/>
                <line number="27" hits="7" branch="false"/>
                <line number="28" hits="6" branch="false"/>
                <line number="29" hits="6" branch="false"/>
                <line number="32" hits="6" branch="false"/>
                <line number="33" hits="6" branch="false"/>
                <line number="34" hits="6" branch="false"/>
                <line number="35" hits="6" branch="false"/>
                <line number="36" hits="6" branch="false"/>
                <line number="37" hits="6" branch="false"/>
                <line number="38" hits="6" branch="false"/>
                <line number="39" hits="6" branch="false"/>
              </lines>
            </method>
          </methods>
          <lines>
            <line number="25" hits="7" branch="false"/>
            <line number="26" hits="7" branch="false"/>
            <line number="27" hits="7" branch="false"/>
            <line number="28" hits="6" branch="false"/>
            <line number="29" hits="6" branch="false"/>
            <line number="32" hits="6" branch="false"/>
            <line number="33" hits="6" branch="false"/>
            <line number="34" hits="6" branch="false"/>
            <line number="35" hits="6" branch="false"/>
            <line number="36" hits="6" branch="false"/>
            <line number="37" hits="6" branch="false"/>
            <line number="38" hits="6" branch="false"/>
            <line number="39" hits="6" branch="false"/>
          </lines>
        </class>
        <class name="ard_missing.R" filename="R/ard_missing.R" line-rate="0.9" branch-rate="0" complexity="0">
          <methods>
            <method name="ard_missing" signature="" line-rate="1" branch-rate="0" complexity="0">
              <lines>
                <line number="26" hits="15" branch="false"/>
                <line number="27" hits="15" branch="false"/>
              </lines>
            </method>
            <method name="ard_missing.data.frame" signature="" line-rate="0.847826086956522" branch-rate="0" complexity="0">
              <lines>
                <line number="40" hits="15" branch="false"/>
                <line number="41" hits="15" branch="false"/>
                <line number="44" hits="15" branch="false"/>
                <line number="45" hits="0" branch="false"/>
                <line number="46" hits="0" branch="false"/>
                <line number="47" hits="0" branch="false"/>
                <line number="48" hits="0" branch="false"/>
                <line number="49" hits="0" branch="false"/>
                <line number="50" hits="0" branch="false"/>
                <line number="54" hits="15" branch="false"/>
                <line number="57" hits="15" branch="false"/>
                <line number="60" hits="15" branch="false"/>
                <line number="61" hits="0" branch="false"/>
                <line number="65" hits="15" branch="false"/>
                <line number="66" hits="15" branch="false"/>
                <line number="67" hits="15" branch="false"/>
                <line number="68" hits="15" branch="false"/>
                <line number="70" hits="15" branch="false"/>
                <line number="71" hits="15" branch="false"/>
                <line number="72" hits="15" branch="false"/>
                <line number="73" hits="15" branch="false"/>
                <line number="74" hits="15" branch="false"/>
                <line number="75" hits="15" branch="false"/>
                <line number="76" hits="15" branch="false"/>
                <line number="77" hits="15" branch="false"/>
                <line number="78" hits="15" branch="false"/>
                <line number="79" hits="15" branch="false"/>
                <line number="80" hits="15" branch="false"/>
                <line number="81" hits="15" branch="false"/>
                <line number="82" hits="15" branch="false"/>
                <line number="85" hits="15" branch="false"/>
                <line number="86" hits="15" branch="false"/>
                <line number="87" hits="15" branch="false"/>
                <line number="88" hits="15" branch="false"/>
                <line number="89" hits="15" branch="false"/>
                <line number="90" hits="15" branch="false"/>
                <line number="91" hits="15" branch="false"/>
                <line number="92" hits="15" branch="false"/>
                <line number="93" hits="15" branch="false"/>
                <line number="94" hits="15" branch="false"/>
                <line number="95" hits="15" branch="false"/>
                <line number="98" hits="15" branch="false"/>
                <line number="99" hits="15" branch="false"/>
                <line number="100" hits="15" branch="false"/>
                <line number="101" hits="15" branch="false"/>
                <line number="103" hits="15" branch="false"/>
              </lines>
            </method>
            <method name="missing_summary_fns" signature="" line-rate="1" branch-rate="0" complexity="0">
              <lines>
                <line number="107" hits="25" branch="false"/>
                <line number="108" hits="25" branch="false"/>
                <line number="109" hits="25" branch="false"/>
                <line number="110" hits="25" branch="false"/>
                <line number="112" hits="25" branch="false"/>
                <line number="113" hits="25" branch="false"/>
                <line number="114" hits="25" branch="false"/>
                <line number="115" hits="25" branch="false"/>
                <line number="116" hits="25" branch="false"/>
                <line number="117" hits="25" branch="false"/>
                <line number="118" hits="25" branch="false"/>
                <line number="119" hits="25" branch="false"/>
                <line number="120" hits="25" branch="false"/>
                <line number="121" hits="25" branch="false"/>
                <line number="122" hits="25" branch="false"/>
                <line number="123" hits="25" branch="false"/>
                <line number="124" hits="25" branch="false"/>
                <line number="125" hits="25" branch="false"/>
                <line number="126" hits="25" branch="false"/>
                <line number="128" hits="25" branch="false"/>
                <line number="129" hits="25" branch="false"/>
                <line number="130" hits="25" branch="false"/>
              </lines>
            </method>
          </methods>
          <lines>
            <line number="26" hits="15" branch="false"/>
            <line number="27" hits="15" branch="false"/>
            <line number="40" hits="15" branch="false"/>
            <line number="41" hits="15" branch="false"/>
            <line number="44" hits="15" branch="false"/>
            <line number="45" hits="0" branch="false"/>
            <line number="46" hits="0" branch="false"/>
            <line number="47" hits="0" branch="false"/>
            <line number="48" hits="0" branch="false"/>
            <line number="49" hits="0" branch="false"/>
            <line number="50" hits="0" branch="false"/>
            <line number="54" hits="15" branch="false"/>
            <line number="57" hits="15" branch="false"/>
            <line number="60" hits="15" branch="false"/>
            <line number="61" hits="0" branch="false"/>
            <line number="65" hits="15" branch="false"/>
            <line number="66" hits="15" branch="false"/>
            <line number="67" hits="15" branch="false"/>
            <line number="68" hits="15" branch="false"/>
            <line number="70" hits="15" branch="false"/>
            <line number="71" hits="15" branch="false"/>
            <line number="72" hits="15" branch="false"/>
            <line number="73" hits="15" branch="false"/>
            <line number="74" hits="15" branch="false"/>
            <line number="75" hits="15" branch="false"/>
            <line number="76" hits="15" branch="false"/>
            <line number="77" hits="15" branch="false"/>
            <line number="78" hits="15" branch="false"/>
            <line number="79" hits="15" branch="false"/>
            <line number="80" hits="15" branch="false"/>
            <line number="81" hits="15" branch="false"/>
            <line number="82" hits="15" branch="false"/>
            <line number="85" hits="15" branch="false"/>
            <line number="86" hits="15" branch="false"/>
            <line number="87" hits="15" branch="false"/>
            <line number="88" hits="15" branch="false"/>
            <line number="89" hits="15" branch="false"/>
            <line number="90" hits="15" branch="false"/>
            <line number="91" hits="15" branch="false"/>
            <line number="92" hits="15" branch="false"/>
            <line number="93" hits="15" branch="false"/>
            <line number="94" hits="15" branch="false"/>
            <line number="95" hits="15" branch="false"/>
            <line number="98" hits="15" branch="false"/>
            <line number="99" hits="15" branch="false"/>
            <line number="100" hits="15" branch="false"/>
            <line number="101" hits="15" branch="false"/>
            <line number="103" hits="15" branch="false"/>
            <line number="107" hits="25" branch="false"/>
            <line number="108" hits="25" branch="false"/>
            <line number="109" hits="25" branch="false"/>
            <line number="110" hits="25" branch="false"/>
            <line number="112" hits="25" branch="false"/>
            <line number="113" hits="25" branch="false"/>
            <line number="114" hits="25" branch="false"/>
            <line number="115" hits="25" branch="false"/>
            <line number="116" hits="25" branch="false"/>
            <line number="117" hits="25" branch="false"/>
            <line number="118" hits="25" branch="false"/>
            <line number="119" hits="25" branch="false"/>
            <line number="120" hits="25" branch="false"/>
            <line number="121" hits="25" branch="false"/>
            <line number="122" hits="25" branch="false"/>
            <line number="123" hits="25" branch="false"/>
            <line number="124" hits="25" branch="false"/>
            <line number="125" hits="25" branch="false"/>
            <line number="126" hits="25" branch="false"/>
            <line number="128" hits="25" branch="false"/>
            <line number="129" hits="25" branch="false"/>
            <line number="130" hits="25" branch="false"/>
          </lines>
        </class>
        <class name="ard_mvsummary.R" filename="R/ard_mvsummary.R" line-rate="0.87037037037037" branch-rate="0" complexity="0">
          <methods>
            <method name="ard_mvsummary" signature="" line-rate="1" branch-rate="0" complexity="0">
              <lines>
                <line number="56" hits="26" branch="false"/>
                <line number="57" hits="26" branch="false"/>
              </lines>
            </method>
            <method name="ard_mvsummary.data.frame" signature="" line-rate="0.865384615384615" branch-rate="0" complexity="0">
              <lines>
                <line number="71" hits="26" branch="false"/>
                <line number="72" hits="26" branch="false"/>
                <line number="75" hits="26" branch="false"/>
                <line number="76" hits="0" branch="false"/>
                <line number="77" hits="0" branch="false"/>
                <line number="78" hits="0" branch="false"/>
                <line number="79" hits="0" branch="false"/>
                <line number="80" hits="0" branch="false"/>
                <line number="81" hits="0" branch="false"/>
                <line number="85" hits="26" branch="false"/>
                <line number="86" hits="26" branch="false"/>
                <line number="90" hits="26" branch="false"/>
                <line number="91" hits="26" branch="false"/>
                <line number="92" hits="26" branch="false"/>
                <line number="93" hits="26" branch="false"/>
                <line number="94" hits="26" branch="false"/>
                <line number="95" hits="26" branch="false"/>
                <line number="96" hits="26" branch="false"/>
                <line number="99" hits="26" branch="false"/>
                <line number="100" hits="0" branch="false"/>
                <line number="103" hits="26" branch="false"/>
                <line number="104" hits="26" branch="false"/>
                <line number="105" hits="1" branch="false"/>
                <line number="106" hits="1" branch="false"/>
                <line number="113" hits="25" branch="false"/>
                <line number="114" hits="25" branch="false"/>
                <line number="115" hits="25" branch="false"/>
                <line number="116" hits="25" branch="false"/>
                <line number="118" hits="25" branch="false"/>
                <line number="119" hits="25" branch="false"/>
                <line number="120" hits="25" branch="false"/>
                <line number="121" hits="25" branch="false"/>
                <line number="122" hits="25" branch="false"/>
                <line number="123" hits="25" branch="false"/>
                <line number="124" hits="25" branch="false"/>
                <line number="125" hits="25" branch="false"/>
                <line number="130" hits="25" branch="false"/>
                <line number="131" hits="25" branch="false"/>
                <line number="132" hits="25" branch="false"/>
                <line number="133" hits="25" branch="false"/>
                <line number="134" hits="25" branch="false"/>
                <line number="135" hits="25" branch="false"/>
                <line number="136" hits="25" branch="false"/>
                <line number="137" hits="25" branch="false"/>
                <line number="138" hits="25" branch="false"/>
                <line number="139" hits="25" branch="false"/>
                <line number="142" hits="23" branch="false"/>
                <line number="143" hits="23" branch="false"/>
                <line number="144" hits="23" branch="false"/>
                <line number="145" hits="23" branch="false"/>
                <line number="146" hits="23" branch="false"/>
                <line number="148" hits="23" branch="false"/>
              </lines>
            </method>
          </methods>
          <lines>
            <line number="56" hits="26" branch="false"/>
            <line number="57" hits="26" branch="false"/>
            <line number="71" hits="26" branch="false"/>
            <line number="72" hits="26" branch="false"/>
            <line number="75" hits="26" branch="false"/>
            <line number="76" hits="0" branch="false"/>
            <line number="77" hits="0" branch="false"/>
            <line number="78" hits="0" branch="false"/>
            <line number="79" hits="0" branch="false"/>
            <line number="80" hits="0" branch="false"/>
            <line number="81" hits="0" branch="false"/>
            <line number="85" hits="26" branch="false"/>
            <line number="86" hits="26" branch="false"/>
            <line number="90" hits="26" branch="false"/>
            <line number="91" hits="26" branch="false"/>
            <line number="92" hits="26" branch="false"/>
            <line number="93" hits="26" branch="false"/>
            <line number="94" hits="26" branch="false"/>
            <line number="95" hits="26" branch="false"/>
            <line number="96" hits="26" branch="false"/>
            <line number="99" hits="26" branch="false"/>
            <line number="100" hits="0" branch="false"/>
            <line number="103" hits="26" branch="false"/>
            <line number="104" hits="26" branch="false"/>
            <line number="105" hits="1" branch="false"/>
            <line number="106" hits="1" branch="false"/>
            <line number="113" hits="25" branch="false"/>
            <line number="114" hits="25" branch="false"/>
            <line number="115" hits="25" branch="false"/>
            <line number="116" hits="25" branch="false"/>
            <line number="118" hits="25" branch="false"/>
            <line number="119" hits="25" branch="false"/>
            <line number="120" hits="25" branch="false"/>
            <line number="121" hits="25" branch="false"/>
            <line number="122" hits="25" branch="false"/>
            <line number="123" hits="25" branch="false"/>
            <line number="124" hits="25" branch="false"/>
            <line number="125" hits="25" branch="false"/>
            <line number="130" hits="25" branch="false"/>
            <line number="131" hits="25" branch="false"/>
            <line number="132" hits="25" branch="false"/>
            <line number="133" hits="25" branch="false"/>
            <line number="134" hits="25" branch="false"/>
            <line number="135" hits="25" branch="false"/>
            <line number="136" hits="25" branch="false"/>
            <line number="137" hits="25" branch="false"/>
            <line number="138" hits="25" branch="false"/>
            <line number="139" hits="25" branch="false"/>
            <line number="142" hits="23" branch="false"/>
            <line number="143" hits="23" branch="false"/>
            <line number="144" hits="23" branch="false"/>
            <line number="145" hits="23" branch="false"/>
            <line number="146" hits="23" branch="false"/>
            <line number="148" hits="23" branch="false"/>
          </lines>
        </class>
        <class name="ard_pairwise.R" filename="R/ard_pairwise.R" line-rate="1" branch-rate="0" complexity="0">
          <methods>
            <method name="ard_pairwise" signature="" line-rate="1" branch-rate="0" complexity="0">
              <lines>
                <line number="35" hits="10" branch="false"/>
                <line number="38" hits="10" branch="false"/>
                <line number="39" hits="10" branch="false"/>
                <line number="40" hits="9" branch="false"/>
                <line number="41" hits="8" branch="false"/>
                <line number="42" hits="1" branch="false"/>
                <line number="43" hits="1" branch="false"/>
                <line number="44" hits="1" branch="false"/>
                <line number="45" hits="1" branch="false"/>
                <line number="47" hits="7" branch="false"/>
                <line number="48" hits="7" branch="false"/>
                <line number="49" hits="7" branch="false"/>
                <line number="50" hits="4" branch="false"/>
                <line number="51" hits="1" branch="false"/>
                <line number="52" hits="1" branch="false"/>
                <line number="53" hits="1" branch="false"/>
                <line number="54" hits="1" branch="false"/>
                <line number="57" hits="6" branch="false"/>
                <line number="60" hits="6" branch="false"/>
                <line number="61" hits="6" branch="false"/>
                <line number="62" hits="6" branch="false"/>
                <line number="65" hits="6" branch="false"/>
                <line number="66" hits="6" branch="false"/>
                <line number="67" hits="6" branch="false"/>
                <line number="68" hits="6" branch="false"/>
                <line number="69" hits="6" branch="false"/>
                <line number="70" hits="6" branch="false"/>
                <line number="71" hits="1" branch="false"/>
                <line number="72" hits="6" branch="false"/>
                <line number="73" hits="6" branch="false"/>
                <line number="74" hits="6" branch="false"/>
                <line number="75" hits="6" branch="false"/>
                <line number="77" hits="6" branch="false"/>
                <line number="78" hits="6" branch="false"/>
                <line number="79" hits="6" branch="false"/>
                <line number="82" hits="6" branch="false"/>
                <line number="83" hits="6" branch="false"/>
                <line number="84" hits="6" branch="false"/>
                <line number="85" hits="6" branch="false"/>
                <line number="86" hits="6" branch="false"/>
                <line number="87" hits="6" branch="false"/>
                <line number="88" hits="6" branch="false"/>
                <line number="89" hits="6" branch="false"/>
                <line number="90" hits="6" branch="false"/>
                <line number="91" hits="6" branch="false"/>
                <line number="94" hits="5" branch="false"/>
                <line number="95" hits="5" branch="false"/>
                <line number="96" hits="5" branch="false"/>
                <line number="97" hits="5" branch="false"/>
                <line number="100" hits="5" branch="false"/>
              </lines>
            </method>
          </methods>
          <lines>
            <line number="35" hits="10" branch="false"/>
            <line number="38" hits="10" branch="false"/>
            <line number="39" hits="10" branch="false"/>
            <line number="40" hits="9" branch="false"/>
            <line number="41" hits="8" branch="false"/>
            <line number="42" hits="1" branch="false"/>
            <line number="43" hits="1" branch="false"/>
            <line number="44" hits="1" branch="false"/>
            <line number="45" hits="1" branch="false"/>
            <line number="47" hits="7" branch="false"/>
            <line number="48" hits="7" branch="false"/>
            <line number="49" hits="7" branch="false"/>
            <line number="50" hits="4" branch="false"/>
            <line number="51" hits="1" branch="false"/>
            <line number="52" hits="1" branch="false"/>
            <line number="53" hits="1" branch="false"/>
            <line number="54" hits="1" branch="false"/>
            <line number="57" hits="6" branch="false"/>
            <line number="60" hits="6" branch="false"/>
            <line number="61" hits="6" branch="false"/>
            <line number="62" hits="6" branch="false"/>
            <line number="65" hits="6" branch="false"/>
            <line number="66" hits="6" branch="false"/>
            <line number="67" hits="6" branch="false"/>
            <line number="68" hits="6" branch="false"/>
            <line number="69" hits="6" branch="false"/>
            <line number="70" hits="6" branch="false"/>
            <line number="71" hits="1" branch="false"/>
            <line number="72" hits="6" branch="false"/>
            <line number="73" hits="6" branch="false"/>
            <line number="74" hits="6" branch="false"/>
            <line number="75" hits="6" branch="false"/>
            <line number="77" hits="6" branch="false"/>
            <line number="78" hits="6" branch="false"/>
            <line number="79" hits="6" branch="false"/>
            <line number="82" hits="6" branch="false"/>
            <line number="83" hits="6" branch="false"/>
            <line number="84" hits="6" branch="false"/>
            <line number="85" hits="6" branch="false"/>
            <line number="86" hits="6" branch="false"/>
            <line number="87" hits="6" branch="false"/>
            <line number="88" hits="6" branch="false"/>
            <line number="89" hits="6" branch="false"/>
            <line number="90" hits="6" branch="false"/>
            <line number="91" hits="6" branch="false"/>
            <line number="94" hits="5" branch="false"/>
            <line number="95" hits="5" branch="false"/>
            <line number="96" hits="5" branch="false"/>
            <line number="97" hits="5" branch="false"/>
            <line number="100" hits="5" branch="false"/>
          </lines>
        </class>
        <class name="ard_stack_hierarchical.R" filename="R/ard_stack_hierarchical.R" line-rate="1" branch-rate="0" complexity="0">
          <methods>
            <method name="ard_stack_hierarchical" signature="" line-rate="1" branch-rate="0" complexity="0">
              <lines>
                <line number="142" hits="47" branch="false"/>
                <line number="145" hits="47" branch="false"/>
                <line number="146" hits="47" branch="false"/>
                <line number="147" hits="47" branch="false"/>
                <line number="148" hits="46" branch="false"/>
                <line number="151" hits="46" branch="false"/>
                <line number="152" hits="1" branch="false"/>
                <line number="153" hits="1" branch="false"/>
                <line number="154" hits="1" branch="false"/>
                <line number="155" hits="1" branch="false"/>
                <line number="159" hits="45" branch="false"/>
                <line number="160" hits="1" branch="false"/>
                <line number="161" hits="1" branch="false"/>
                <line number="162" hits="1" branch="false"/>
                <line number="163" hits="1" branch="false"/>
                <line number="167" hits="44" branch="false"/>
                <line number="168" hits="44" branch="false"/>
                <line number="169" hits="44" branch="false"/>
                <line number="170" hits="44" branch="false"/>
                <line number="171" hits="44" branch="false"/>
                <line number="172" hits="44" branch="false"/>
                <line number="173" hits="44" branch="false"/>
                <line number="174" hits="44" branch="false"/>
                <line number="175" hits="44" branch="false"/>
                <line number="176" hits="44" branch="false"/>
                <line number="177" hits="44" branch="false"/>
                <line number="178" hits="44" branch="false"/>
                <line number="179" hits="44" branch="false"/>
                <line number="180" hits="44" branch="false"/>
                <line number="181" hits="44" branch="false"/>
              </lines>
            </method>
            <method name="ard_stack_hierarchical_count" signature="" line-rate="1" branch-rate="0" complexity="0">
              <lines>
                <line number="199" hits="18" branch="false"/>
                <line number="202" hits="18" branch="false"/>
                <line number="205" hits="18" branch="false"/>
                <line number="206" hits="18" branch="false"/>
                <line number="207" hits="18" branch="false"/>
                <line number="209" hits="1" branch="false"/>
                <line number="210" hits="1" branch="false"/>
                <line number="211" hits="1" branch="false"/>
                <line number="212" hits="1" branch="false"/>
                <line number="216" hits="17" branch="false"/>
                <line number="217" hits="17" branch="false"/>
                <line number="218" hits="17" branch="false"/>
                <line number="219" hits="17" branch="false"/>
                <line number="220" hits="17" branch="false"/>
                <line number="221" hits="17" branch="false"/>
                <line number="222" hits="17" branch="false"/>
                <line number="223" hits="17" branch="false"/>
                <line number="224" hits="17" branch="false"/>
                <line number="225" hits="17" branch="false"/>
                <line number="226" hits="17" branch="false"/>
                <line number="227" hits="17" branch="false"/>
                <line number="228" hits="17" branch="false"/>
                <line number="229" hits="17" branch="false"/>
                <line number="230" hits="17" branch="false"/>
              </lines>
            </method>
            <method name="internal_stack_hierarchical" signature="" line-rate="1" branch-rate="0" complexity="0">
              <lines>
                <line number="249" hits="79" branch="false"/>
                <line number="250" hits="79" branch="false"/>
                <line number="251" hits="79" branch="false"/>
                <line number="252" hits="79" branch="false"/>
                <line number="253" hits="79" branch="false"/>
                <line number="254" hits="79" branch="false"/>
                <line number="255" hits="79" branch="false"/>
                <line number="256" hits="79" branch="false"/>
                <line number="257" hits="79" branch="false"/>
                <line number="258" hits="79" branch="false"/>
                <line number="259" hits="79" branch="false"/>
                <line number="260" hits="79" branch="false"/>
                <line number="261" hits="79" branch="false"/>
                <line number="262" hits="79" branch="false"/>
                <line number="263" hits="79" branch="false"/>
                <line number="267" hits="79" branch="false"/>
                <line number="268" hits="1" branch="false"/>
                <line number="269" hits="1" branch="false"/>
                <line number="270" hits="1" branch="false"/>
                <line number="271" hits="1" branch="false"/>
                <line number="275" hits="78" branch="false"/>
                <line number="276" hits="1" branch="false"/>
                <line number="277" hits="1" branch="false"/>
                <line number="278" hits="1" branch="false"/>
                <line number="279" hits="1" branch="false"/>
                <line number="282" hits="77" branch="false"/>
                <line number="283" hits="1" branch="false"/>
                <line number="284" hits="1" branch="false"/>
                <line number="285" hits="1" branch="false"/>
                <line number="286" hits="1" branch="false"/>
                <line number="287" hits="1" branch="false"/>
                <line number="288" hits="1" branch="false"/>
                <line number="289" hits="1" branch="false"/>
                <line number="292" hits="77" branch="false"/>
                <line number="293" hits="1" branch="false"/>
                <line number="294" hits="1" branch="false"/>
                <line number="295" hits="1" branch="false"/>
                <line number="296" hits="1" branch="false"/>
                <line number="297" hits="1" branch="false"/>
                <line number="298" hits="1" branch="false"/>
                <line number="299" hits="1" branch="false"/>
                <line number="302" hits="77" branch="false"/>
                <line number="303" hits="1" branch="false"/>
                <line number="304" hits="1" branch="false"/>
                <line number="305" hits="1" branch="false"/>
                <line number="306" hits="1" branch="false"/>
                <line number="307" hits="1" branch="false"/>
                <line number="308" hits="1" branch="false"/>
                <line number="309" hits="1" branch="false"/>
                <line number="314" hits="77" branch="false"/>
                <line number="315" hits="77" branch="false"/>
                <line number="316" hits="2" branch="false"/>
                <line number="317" hits="2" branch="false"/>
                <line number="318" hits="2" branch="false"/>
                <line number="319" hits="2" branch="false"/>
                <line number="320" hits="2" branch="false"/>
                <line number="321" hits="2" branch="false"/>
                <line number="326" hits="77" branch="false"/>
                <line number="328" hits="60" branch="false"/>
                <line number="329" hits="60" branch="false"/>
                <line number="330" hits="60" branch="false"/>
                <line number="331" hits="1" branch="false"/>
                <line number="332" hits="1" branch="false"/>
                <line number="333" hits="1" branch="false"/>
                <line number="334" hits="1" branch="false"/>
                <line number="335" hits="1" branch="false"/>
                <line number="336" hits="1" branch="false"/>
                <line number="341" hits="77" branch="false"/>
                <line number="342" hits="72" branch="false"/>
                <line number="346" hits="77" branch="false"/>
                <line number="347" hits="56" branch="false"/>
                <line number="351" hits="77" branch="false"/>
                <line number="352" hits="56" branch="false"/>
                <line number="353" hits="56" branch="false"/>
                <line number="354" hits="4" branch="false"/>
                <line number="355" hits="4" branch="false"/>
                <line number="356" hits="4" branch="false"/>
                <line number="357" hits="4" branch="false"/>
                <line number="358" hits="4" branch="false"/>
                <line number="359" hits="4" branch="false"/>
                <line number="360" hits="4" branch="false"/>
                <line number="366" hits="77" branch="false"/>
                <line number="368" hits="77" branch="false"/>
                <line number="369" hits="77" branch="false"/>
                <line number="370" hits="142" branch="false"/>
                <line number="371" hits="142" branch="false"/>
                <line number="372" hits="142" branch="false"/>
                <line number="373" hits="142" branch="false"/>
                <line number="374" hits="142" branch="false"/>
                <line number="375" hits="142" branch="false"/>
                <line number="376" hits="142" branch="false"/>
                <line number="377" hits="142" branch="false"/>
                <line number="378" hits="142" branch="false"/>
                <line number="379" hits="142" branch="false"/>
                <line number="380" hits="142" branch="false"/>
                <line number="381" hits="142" branch="false"/>
                <line number="382" hits="142" branch="false"/>
                <line number="386" hits="77" branch="false"/>
                <line number="387" hits="20" branch="false"/>
                <line number="388" hits="33" branch="false"/>
                <line number="389" hits="33" branch="false"/>
                <line number="390" hits="33" branch="false"/>
                <line number="391" hits="33" branch="false"/>
                <line number="392" hits="33" branch="false"/>
                <line number="393" hits="33" branch="false"/>
                <line number="394" hits="33" branch="false"/>
                <line number="395" hits="33" branch="false"/>
                <line number="396" hits="33" branch="false"/>
                <line number="397" hits="33" branch="false"/>
                <line number="398" hits="33" branch="false"/>
                <line number="399" hits="33" branch="false"/>
                <line number="400" hits="33" branch="false"/>
                <line number="403" hits="33" branch="false"/>
                <line number="404" hits="5" branch="false"/>
                <line number="405" hits="5" branch="false"/>
                <line number="406" hits="5" branch="false"/>
                <line number="407" hits="5" branch="false"/>
                <line number="408" hits="5" branch="false"/>
                <line number="409" hits="5" branch="false"/>
                <line number="410" hits="5" branch="false"/>
                <line number="411" hits="5" branch="false"/>
                <line number="412" hits="5" branch="false"/>
                <line number="413" hits="5" branch="false"/>
                <line number="414" hits="5" branch="false"/>
                <line number="415" hits="5" branch="false"/>
                <line number="416" hits="5" branch="false"/>
                <line number="423" hits="77" branch="false"/>
                <line number="424" hits="77" branch="false"/>
                <line number="425" hits="77" branch="false"/>
                <line number="427" hits="42" branch="false"/>
                <line number="428" hits="42" branch="false"/>
[...]
                <line number="93" hits="1" branch="false"/>
                <line number="94" hits="1" branch="false"/>
                <line number="95" hits="1" branch="false"/>
                <line number="96" hits="1" branch="false"/>
                <line number="97" hits="1" branch="false"/>
                <line number="98" hits="1" branch="false"/>
                <line number="99" hits="1" branch="false"/>
                <line number="100" hits="1" branch="false"/>
                <line number="101" hits="1" branch="false"/>
                <line number="102" hits="1" branch="false"/>
                <line number="106" hits="4" branch="false"/>
                <line number="107" hits="4" branch="false"/>
                <line number="108" hits="4" branch="false"/>
                <line number="109" hits="4" branch="false"/>
                <line number="110" hits="4" branch="false"/>
                <line number="111" hits="4" branch="false"/>
                <line number="112" hits="4" branch="false"/>
                <line number="113" hits="4" branch="false"/>
                <line number="114" hits="4" branch="false"/>
                <line number="115" hits="4" branch="false"/>
                <line number="116" hits="4" branch="false"/>
                <line number="117" hits="4" branch="false"/>
                <line number="118" hits="4" branch="false"/>
                <line number="119" hits="4" branch="false"/>
                <line number="120" hits="4" branch="false"/>
              </lines>
            </method>
          </methods>
          <lines>
            <line number="67" hits="4" branch="false"/>
            <line number="70" hits="4" branch="false"/>
            <line number="71" hits="4" branch="false"/>
            <line number="72" hits="4" branch="false"/>
            <line number="73" hits="4" branch="false"/>
            <line number="76" hits="4" branch="false"/>
            <line number="77" hits="4" branch="false"/>
            <line number="78" hits="4" branch="false"/>
            <line number="79" hits="4" branch="false"/>
            <line number="80" hits="4" branch="false"/>
            <line number="81" hits="4" branch="false"/>
            <line number="84" hits="4" branch="false"/>
            <line number="86" hits="3" branch="false"/>
            <line number="87" hits="3" branch="false"/>
            <line number="92" hits="1" branch="false"/>
            <line number="93" hits="1" branch="false"/>
            <line number="94" hits="1" branch="false"/>
            <line number="95" hits="1" branch="false"/>
            <line number="96" hits="1" branch="false"/>
            <line number="97" hits="1" branch="false"/>
            <line number="98" hits="1" branch="false"/>
            <line number="99" hits="1" branch="false"/>
            <line number="100" hits="1" branch="false"/>
            <line number="101" hits="1" branch="false"/>
            <line number="102" hits="1" branch="false"/>
            <line number="106" hits="4" branch="false"/>
            <line number="107" hits="4" branch="false"/>
            <line number="108" hits="4" branch="false"/>
            <line number="109" hits="4" branch="false"/>
            <line number="110" hits="4" branch="false"/>
            <line number="111" hits="4" branch="false"/>
            <line number="112" hits="4" branch="false"/>
            <line number="113" hits="4" branch="false"/>
            <line number="114" hits="4" branch="false"/>
            <line number="115" hits="4" branch="false"/>
            <line number="116" hits="4" branch="false"/>
            <line number="117" hits="4" branch="false"/>
            <line number="118" hits="4" branch="false"/>
            <line number="119" hits="4" branch="false"/>
            <line number="120" hits="4" branch="false"/>
          </lines>
        </class>
        <class name="unlist_ard_columns.R" filename="R/unlist_ard_columns.R" line-rate="1" branch-rate="0" complexity="0">
          <methods>
            <method name="unlist_ard_columns" signature="" line-rate="1" branch-rate="0" complexity="0">
              <lines>
                <line number="36" hits="27" branch="false"/>
                <line number="37" hits="27" branch="false"/>
                <line number="38" hits="27" branch="false"/>
                <line number="39" hits="27" branch="false"/>
                <line number="40" hits="27" branch="false"/>
                <line number="43" hits="27" branch="false"/>
                <line number="44" hits="26" branch="false"/>
                <line number="45" hits="26" branch="false"/>
                <line number="46" hits="26" branch="false"/>
                <line number="47" hits="26" branch="false"/>
                <line number="48" hits="26" branch="false"/>
                <line number="49" hits="26" branch="false"/>
                <line number="50" hits="26" branch="false"/>
                <line number="51" hits="26" branch="false"/>
                <line number="52" hits="26" branch="false"/>
                <line number="53" hits="26" branch="false"/>
                <line number="55" hits="1" branch="false"/>
                <line number="56" hits="1" branch="false"/>
                <line number="57" hits="1" branch="false"/>
                <line number="58" hits="1" branch="false"/>
                <line number="63" hits="27" branch="false"/>
                <line number="64" hits="93" branch="false"/>
                <line number="65" hits="93" branch="false"/>
                <line number="66" hits="1" branch="false"/>
                <line number="67" hits="1" branch="false"/>
                <line number="69" hits="92" branch="false"/>
                <line number="73" hits="27" branch="false"/>
                <line number="75" hits="27" branch="false"/>
              </lines>
            </method>
          </methods>
          <lines>
            <line number="36" hits="27" branch="false"/>
            <line number="37" hits="27" branch="false"/>
            <line number="38" hits="27" branch="false"/>
            <line number="39" hits="27" branch="false"/>
            <line number="40" hits="27" branch="false"/>
            <line number="43" hits="27" branch="false"/>
            <line number="44" hits="26" branch="false"/>
            <line number="45" hits="26" branch="false"/>
            <line number="46" hits="26" branch="false"/>
            <line number="47" hits="26" branch="false"/>
            <line number="48" hits="26" branch="false"/>
            <line number="49" hits="26" branch="false"/>
            <line number="50" hits="26" branch="false"/>
            <line number="51" hits="26" branch="false"/>
            <line number="52" hits="26" branch="false"/>
            <line number="53" hits="26" branch="false"/>
            <line number="55" hits="1" branch="false"/>
            <line number="56" hits="1" branch="false"/>
            <line number="57" hits="1" branch="false"/>
            <line number="58" hits="1" branch="false"/>
            <line number="63" hits="27" branch="false"/>
            <line number="64" hits="93" branch="false"/>
            <line number="65" hits="93" branch="false"/>
            <line number="66" hits="1" branch="false"/>
            <line number="67" hits="1" branch="false"/>
            <line number="69" hits="92" branch="false"/>
            <line number="73" hits="27" branch="false"/>
            <line number="75" hits="27" branch="false"/>
          </lines>
        </class>
        <class name="update_ard.R" filename="R/update_ard.R" line-rate="0.9" branch-rate="0" complexity="0">
          <methods>
            <method name="update_ard_fmt_fun" signature="" line-rate="0.823529411764706" branch-rate="0" complexity="0">
              <lines>
                <line number="50" hits="6" branch="false"/>
                <line number="53" hits="6" branch="false"/>
                <line number="54" hits="0" branch="false"/>
                <line number="55" hits="0" branch="false"/>
                <line number="56" hits="0" branch="false"/>
                <line number="57" hits="0" branch="false"/>
                <line number="58" hits="0" branch="false"/>
                <line number="59" hits="0" branch="false"/>
                <line number="63" hits="6" branch="false"/>
                <line number="64" hits="6" branch="false"/>
                <line number="65" hits="6" branch="false"/>
                <line number="66" hits="6" branch="false"/>
                <line number="70" hits="6" branch="false"/>
                <line number="71" hits="6" branch="false"/>
                <line number="74" hits="6" branch="false"/>
                <line number="75" hits="6" branch="false"/>
                <line number="76" hits="6" branch="false"/>
                <line number="77" hits="6" branch="false"/>
                <line number="78" hits="1" branch="false"/>
                <line number="79" hits="1" branch="false"/>
                <line number="80" hits="1" branch="false"/>
                <line number="81" hits="1" branch="false"/>
                <line number="82" hits="1" branch="false"/>
                <line number="83" hits="1" branch="false"/>
                <line number="84" hits="6" branch="false"/>
                <line number="85" hits="6" branch="false"/>
                <line number="86" hits="5" branch="false"/>
                <line number="87" hits="1" branch="false"/>
                <line number="88" hits="1" branch="false"/>
                <line number="89" hits="1" branch="false"/>
                <line number="90" hits="1" branch="false"/>
                <line number="91" hits="1" branch="false"/>
                <line number="95" hits="4" branch="false"/>
                <line number="98" hits="3" branch="false"/>
              </lines>
            </method>
            <method name="update_ard_stat_label" signature="" line-rate="1" branch-rate="0" complexity="0">
              <lines>
                <line number="105" hits="4" branch="false"/>
                <line number="106" hits="4" branch="false"/>
                <line number="107" hits="4" branch="false"/>
                <line number="108" hits="4" branch="false"/>
                <line number="112" hits="4" branch="false"/>
                <line number="113" hits="4" branch="false"/>
                <line number="116" hits="4" branch="false"/>
                <line number="117" hits="4" branch="false"/>
                <line number="118" hits="4" branch="false"/>
                <line number="119" hits="4" branch="false"/>
                <line number="120" hits="1" branch="false"/>
                <line number="121" hits="1" branch="false"/>
                <line number="122" hits="1" branch="false"/>
                <line number="123" hits="1" branch="false"/>
                <line number="124" hits="1" branch="false"/>
                <line number="125" hits="1" branch="false"/>
                <line number="126" hits="4" branch="false"/>
                <line number="127" hits="4" branch="false"/>
                <line number="128" hits="3" branch="false"/>
                <line number="129" hits="1" branch="false"/>
                <line number="130" hits="1" branch="false"/>
                <line number="131" hits="1" branch="false"/>
                <line number="132" hits="1" branch="false"/>
                <line number="133" hits="1" branch="false"/>
                <line number="137" hits="2" branch="false"/>
                <line number="140" hits="2" branch="false"/>
              </lines>
            </method>
          </methods>
          <lines>
            <line number="50" hits="6" branch="false"/>
            <line number="53" hits="6" branch="false"/>
            <line number="54" hits="0" branch="false"/>
            <line number="55" hits="0" branch="false"/>
            <line number="56" hits="0" branch="false"/>
            <line number="57" hits="0" branch="false"/>
            <line number="58" hits="0" branch="false"/>
            <line number="59" hits="0" branch="false"/>
            <line number="63" hits="6" branch="false"/>
            <line number="64" hits="6" branch="false"/>
            <line number="65" hits="6" branch="false"/>
            <line number="66" hits="6" branch="false"/>
            <line number="70" hits="6" branch="false"/>
            <line number="71" hits="6" branch="false"/>
            <line number="74" hits="6" branch="false"/>
            <line number="75" hits="6" branch="false"/>
            <line number="76" hits="6" branch="false"/>
            <line number="77" hits="6" branch="false"/>
            <line number="78" hits="1" branch="false"/>
            <line number="79" hits="1" branch="false"/>
            <line number="80" hits="1" branch="false"/>
            <line number="81" hits="1" branch="false"/>
            <line number="82" hits="1" branch="false"/>
            <line number="83" hits="1" branch="false"/>
            <line number="84" hits="6" branch="false"/>
            <line number="85" hits="6" branch="false"/>
            <line number="86" hits="5" branch="false"/>
            <line number="87" hits="1" branch="false"/>
            <line number="88" hits="1" branch="false"/>
            <line number="89" hits="1" branch="false"/>
            <line number="90" hits="1" branch="false"/>
            <line number="91" hits="1" branch="false"/>
            <line number="95" hits="4" branch="false"/>
            <line number="98" hits="3" branch="false"/>
            <line number="105" hits="4" branch="false"/>
            <line number="106" hits="4" branch="false"/>
            <line number="107" hits="4" branch="false"/>
            <line number="108" hits="4" branch="false"/>
            <line number="112" hits="4" branch="false"/>
            <line number="113" hits="4" branch="false"/>
            <line number="116" hits="4" branch="false"/>
            <line number="117" hits="4" branch="false"/>
            <line number="118" hits="4" branch="false"/>
            <line number="119" hits="4" branch="false"/>
            <line number="120" hits="1" branch="false"/>
            <line number="121" hits="1" branch="false"/>
            <line number="122" hits="1" branch="false"/>
            <line number="123" hits="1" branch="false"/>
            <line number="124" hits="1" branch="false"/>
            <line number="125" hits="1" branch="false"/>
            <line number="126" hits="4" branch="false"/>
            <line number="127" hits="4" branch="false"/>
            <line number="128" hits="3" branch="false"/>
            <line number="129" hits="1" branch="false"/>
            <line number="130" hits="1" branch="false"/>
            <line number="131" hits="1" branch="false"/>
            <line number="132" hits="1" branch="false"/>
            <line number="133" hits="1" branch="false"/>
            <line number="137" hits="2" branch="false"/>
            <line number="140" hits="2" branch="false"/>
          </lines>
        </class>
        <class name="utils.R" filename="R/utils.R" line-rate="0.96875" branch-rate="0" complexity="0">
          <methods>
            <method name=".unique_and_sorted" signature="" line-rate="0.9375" branch-rate="0" complexity="0">
              <lines>
                <line number="24" hits="1228" branch="false"/>
                <line number="26" hits="1228" branch="false"/>
                <line number="27" hits="50" branch="false"/>
                <line number="28" hits="50" branch="false"/>
                <line number="29" hits="50" branch="false"/>
                <line number="30" hits="50" branch="false"/>
                <line number="31" hits="50" branch="false"/>
                <line number="32" hits="50" branch="false"/>
                <line number="33" hits="50" branch="false"/>
                <line number="35" hits="1178" branch="false"/>
                <line number="36" hits="21" branch="false"/>
                <line number="37" hits="0" branch="false"/>
                <line number="43" hits="1157" branch="false"/>
                <line number="44" hits="1157" branch="false"/>
                <line number="45" hits="1038" branch="false"/>
                <line number="46" hits="119" branch="false"/>
              </lines>
            </method>
            <method name=".is_named_list" signature="" line-rate="1" branch-rate="0" complexity="0">
              <lines>
                <line number="64" hits="16062" branch="false"/>
                <line number="65" hits="5203" branch="false"/>
                <line number="67" hits="10859" branch="false"/>
                <line number="68" hits="10859" branch="false"/>
              </lines>
            </method>
            <method name=".purrr_list_flatten" signature="" line-rate="1" branch-rate="0" complexity="0">
              <lines>
                <line number="87" hits="2508" branch="false"/>
                <line number="89" hits="2508" branch="false"/>
                <line number="90" hits="1725" branch="false"/>
                <line number="91" hits="1721" branch="false"/>
                <line number="93" hits="4" branch="false"/>
                <line number="97" hits="2508" branch="false"/>
              </lines>
            </method>
            <method name=".message_or_error" signature="" line-rate="1" branch-rate="0" complexity="0">
              <lines>
                <line number="123" hits="14" branch="false"/>
                <line number="124" hits="6" branch="false"/>
                <line number="125" hits="6" branch="false"/>
                <line number="126" hits="6" branch="false"/>
                <line number="127" hits="6" branch="false"/>
                <line number="129" hits="8" branch="false"/>
              </lines>
            </method>
          </methods>
          <lines>
            <line number="24" hits="1228" branch="false"/>
            <line number="26" hits="1228" branch="false"/>
            <line number="27" hits="50" branch="false"/>
            <line number="28" hits="50" branch="false"/>
            <line number="29" hits="50" branch="false"/>
            <line number="30" hits="50" branch="false"/>
            <line number="31" hits="50" branch="false"/>
            <line number="32" hits="50" branch="false"/>
            <line number="33" hits="50" branch="false"/>
            <line number="35" hits="1178" branch="false"/>
            <line number="36" hits="21" branch="false"/>
            <line number="37" hits="0" branch="false"/>
            <line number="43" hits="1157" branch="false"/>
            <line number="44" hits="1157" branch="false"/>
            <line number="45" hits="1038" branch="false"/>
            <line number="46" hits="119" branch="false"/>
            <line number="64" hits="16062" branch="false"/>
            <line number="65" hits="5203" branch="false"/>
            <line number="67" hits="10859" branch="false"/>
            <line number="68" hits="10859" branch="false"/>
            <line number="87" hits="2508" branch="false"/>
            <line number="89" hits="2508" branch="false"/>
            <line number="90" hits="1725" branch="false"/>
            <line number="91" hits="1721" branch="false"/>
            <line number="93" hits="4" branch="false"/>
            <line number="97" hits="2508" branch="false"/>
            <line number="123" hits="14" branch="false"/>
            <line number="124" hits="6" branch="false"/>
            <line number="125" hits="6" branch="false"/>
            <line number="126" hits="6" branch="false"/>
            <line number="127" hits="6" branch="false"/>
            <line number="129" hits="8" branch="false"/>
          </lines>
        </class>
      </classes>
    </package>
  </packages>
</coverage>
